#
# A fatal error has been detected by the Java Runtime Environment:
#
#  SIGSEGV (0xb) at pc=0x0000000000000000, pid=1632, tid=0x0000000000012607
#
# JRE version: Java(TM) SE Runtime Environment (8.0_131-b11) (build 1.8.0_131-b11)
# Java VM: Java HotSpot(TM) 64-Bit Server VM (25.131-b11 mixed mode bsd-amd64 compressed oops)
# Problematic frame:
# C  0x0000000000000000
#
# Failed to write core dump. Core dumps have been disabled. To enable core dumping, try "ulimit -c unlimited" before starting Java again
#
# If you would like to submit a bug report, please visit:
#   http://bugreport.java.com/bugreport/crash.jsp
#

---------------  T H R E A D  ---------------

Current thread is native thread

siginfo: si_signo: 11 (SIGSEGV), si_code: 1 (SEGV_MAPERR), si_addr: 0x0000000000000000

Registers:
RAX=0x0000000119c31508, RBX=0x00000000000161b0, RCX=0x0000000000000010, RDX=0xfffffffffffffff0
RSP=0x00007000026909f8, RBP=0x0000700002690aa0, RSI=0x0000000000000000, RDI=0x00007fb9308f0a00
R8 =0x0000000000000200, R9 =0x00007fb92fd444f0, R10=0x00007fb932a9b630, R11=0xfffffffffffffe60
R12=0x00007fb92fd444f0, R13=0x00007fb9308f0a00, R14=0x00007fb92fd44690, R15=0x0000000000000800
RIP=0x0000000000000000, EFLAGS=0x0000000000010246, ERR=0x0000000000000014
  TRAPNO=0x000000000000000e

Top of Stack: (sp=0x00007000026909f8)
0x00007000026909f8:   0000000119c03639 0000000000000000
0x0000700002690a08:   0000000000000000 00007fb9308f8bb0
0x0000700002690a18:   0000000119f29010 00007fb9308f6bb0
0x0000700002690a28:   000002000bb02600 0000000000000004
0x0000700002690a38:   0000000000000800 0000700000000200
0x0000700002690a48:   00007fb9308f4bb0 00007fb9308f0a00
0x0000700002690a58:   0000020000000000 ff80000000001006
0x0000700002690a68:   000000010000037f d72240c22d450099
0x0000700002690a78:   00007fb931389988 00007fb92fd444f0
0x0000700002690a88:   00007fb931389910 00007fb92fd44690
0x0000700002690a98:   0000000000000200 0000700002690ab0
0x0000700002690aa8:   0000000119c132ef 0000700002690b30
0x0000700002690ab8:   0000000119c639d0 00007fb931388f38
0x0000700002690ac8:   00007fb932a9b400 00007fb931389910
0x0000700002690ad8:   0000020000000000 0000700002690c50
0x0000700002690ae8:   00007fb932a9b5f8 0000020000000001
0x0000700002690af8:   0000700002690c38 0000700000000000
0x0000700002690b08:   0000700002690c38 00007fb932a9b400
0x0000700002690b18:   00007fb931388ec0 00007fb931393480
0x0000700002690b28:   0000000000000200 0000700002690b80
0x0000700002690b38:   0000000119d8d414 00007fb92fd42a50
0x0000700002690b48:   0000700002690c50 0000000002690c20
0x0000700002690b58:   00007fb932a9b400 0000000000000000
0x0000700002690b68:   0000000000001fa0 00007fb93139349c
0x0000700002690b78:   00007fb932a9b400 0000700002690c10
0x0000700002690b88:   0000000119d8caea 00007fb931393480
0x0000700002690b98:   0000000119d8c9f0 00007fb932a9b6e8
0x0000700002690ba8:   0000700002690c38 00007fb932a9b400
0x0000700002690bb8:   00007fb931388ec0 0000700002690c50
0x0000700002690bc8:   00007fb931393480 0000020032a9b6e8
0x0000700002690bd8:   00009fe000001fa0 d72240c22d450099
0x0000700002690be8:   00007fb932a9b400 00007fb9313962d0 

Instructions: (pc=0x0000000000000000)
0xffffffffffffffe0:   

Register to memory mapping:

RAX=0x0000000119c31508: PlaybackBackend+0x20 in /var/folders/h8/3yxh8fbd4j53flyb_dzl0hh40000gn/T/libgdxsattayasingkul/f7649394/openal.dylib at 0x0000000119be8000
RBX=0x00000000000161b0 is an unknown value
RCX=0x0000000000000010 is an unknown value
RDX=0xfffffffffffffff0 is an unknown value
RSP=0x00007000026909f8 is an unknown value
RBP=0x0000700002690aa0 is an unknown value
RSI=0x0000000000000000 is an unknown value
RDI=0x00007fb9308f0a00 is an unknown value
R8 =0x0000000000000200 is an unknown value
R9 =0x00007fb92fd444f0 is an unknown value
R10=0x00007fb932a9b630 is an unknown value
R11=0xfffffffffffffe60 is an unknown value
R12=0x00007fb92fd444f0 is an unknown value
R13=0x00007fb9308f0a00 is an unknown value
R14=0x00007fb92fd44690 is an unknown value
R15=0x0000000000000800 is an unknown value


Stack: [0x0000700002611000,0x0000700002691000],  sp=0x00007000026909f8,  free space=510k

---------------  P R O C E S S  ---------------

VM state:at safepoint (shutting down)

VM Mutex/Monitor currently owned by a thread:  ([mutex/lock_event])
[0x00007fb931102b40] Threads_lock - owner thread: 0x00007fb932007800

Heap:
 PSYoungGen      total 24576K, used 15867K [0x0000000795580000, 0x0000000796e80000, 0x00000007c0000000)
  eden space 24064K, 65% used [0x0000000795580000,0x00000007964f6ca8,0x0000000796d00000)
  from space 512K, 6% used [0x0000000796e00000,0x0000000796e08000,0x0000000796e80000)
  to   space 512K, 0% used [0x0000000796d80000,0x0000000796d80000,0x0000000796e00000)
 ParOldGen       total 87552K, used 27955K [0x0000000740000000, 0x0000000745580000, 0x0000000795580000)
  object space 87552K, 31% used [0x0000000740000000,0x0000000741b4cec0,0x0000000745580000)
 Metaspace       used 16191K, capacity 16485K, committed 16640K, reserved 1064960K
  class space    used 1862K, capacity 1978K, committed 2048K, reserved 1048576K

Card table byte_map: [0x000000010df74000,0x000000010e375000] byte_map_base: 0x000000010a574000

Marking Bits: (ParMarkBitMap*) 0x000000010d4f1ea0
 Begin Bits: [0x000000010e620000, 0x0000000110620000)
 End Bits:   [0x0000000110620000, 0x0000000112620000)

Polling page: 0x000000010bb63000

CodeCache: size=245760Kb used=5509Kb max_used=5995Kb free=240250Kb
 bounds [0x000000011b5be000, 0x000000011bbae000, 0x000000012a5be000]
 total_blobs=2454 nmethods=1753 adapters=614
 compilation: enabled

Compilation events (10 events):
Event: 49.419 Thread 0x00007fb931802800 1892       3       com.badlogic.gdx.graphics.Pixmap::fill (12 bytes)
Event: 49.420 Thread 0x00007fb931802800 nmethod 1892 0x000000011b6f7150 code [0x000000011b6f72c0, 0x000000011b6f74c8]
Event: 49.698 Thread 0x00007fb931802800 1893       3       com.badlogic.gdx.graphics.Pixmap::<init> (46 bytes)
Event: 49.699 Thread 0x00007fb931802800 nmethod 1893 0x000000011b7c7b50 code [0x000000011b7c7d00, 0x000000011b7c8298]
Event: 49.798 Thread 0x00007fb931802800 1894       3       com.main.axival.card.GifDecoder::resetFrame (77 bytes)
Event: 49.798 Thread 0x00007fb931802800 nmethod 1894 0x000000011b758c90 code [0x000000011b758de0, 0x000000011b758fb0]
Event: 59.853 Thread 0x00007fb931802800 1896       3       com.badlogic.gdx.scenes.scene2d.actions.ParallelAction::addAction (24 bytes)
Event: 59.864 Thread 0x00007fb931802800 nmethod 1896 0x000000011b6e1d10 code [0x000000011b6e1ea0, 0x000000011b6e21d8]
Event: 59.872 Thread 0x00007fb931802800 1897       3       com.badlogic.gdx.graphics.GLTexture::bind (17 bytes)
Event: 59.904 Thread 0x00007fb931802800 nmethod 1897 0x000000011b8d5490 code [0x000000011b8d56a0, 0x000000011b8d5ef8]

GC Heap History (10 events):
Event: 61.903 GC heap before
{Heap before GC invocations=124 (full 0):
 PSYoungGen      total 24576K, used 19733K [0x0000000795580000, 0x0000000796e80000, 0x00000007c0000000)
  eden space 24064K, 81% used [0x0000000795580000,0x00000007968b5760,0x0000000796d00000)
  from space 512K, 12% used [0x0000000796d80000,0x0000000796d90000,0x0000000796e00000)
  to   space 512K, 0% used [0x0000000796e00000,0x0000000796e00000,0x0000000796e80000)
 ParOldGen       total 87552K, used 27795K [0x0000000740000000, 0x0000000745580000, 0x0000000795580000)
  object space 87552K, 31% used [0x0000000740000000,0x0000000741b24ec0,0x0000000745580000)
 Metaspace       used 16189K, capacity 16485K, committed 16640K, reserved 1064960K
  class space    used 1861K, capacity 1978K, committed 2048K, reserved 1048576K
Event: 61.903 GC heap after
Heap after GC invocations=124 (full 0):
 PSYoungGen      total 24576K, used 32K [0x0000000795580000, 0x0000000796e80000, 0x00000007c0000000)
  eden space 24064K, 0% used [0x0000000795580000,0x0000000795580000,0x0000000796d00000)
  from space 512K, 6% used [0x0000000796e00000,0x0000000796e08000,0x0000000796e80000)
  to   space 512K, 0% used [0x0000000796d80000,0x0000000796d80000,0x0000000796e00000)
 ParOldGen       total 87552K, used 27827K [0x0000000740000000, 0x0000000745580000, 0x0000000795580000)
  object space 87552K, 31% used [0x0000000740000000,0x0000000741b2cec0,0x0000000745580000)
 Metaspace       used 16189K, capacity 16485K, committed 16640K, reserved 1064960K
  class space    used 1861K, capacity 1978K, committed 2048K, reserved 1048576K
}
Event: 62.094 GC heap before
{Heap before GC invocations=125 (full 0):
 PSYoungGen      total 24576K, used 19701K [0x0000000795580000, 0x0000000796e80000, 0x00000007c0000000)
  eden space 24064K, 81% used [0x0000000795580000,0x00000007968b5778,0x0000000796d00000)
  from space 512K, 6% used [0x0000000796e00000,0x0000000796e08000,0x0000000796e80000)
  to   space 512K, 0% used [0x0000000796d80000,0x0000000796d80000,0x0000000796e00000)
 ParOldGen       total 87552K, used 27827K [0x0000000740000000, 0x0000000745580000, 0x0000000795580000)
  object space 87552K, 31% used [0x0000000740000000,0x0000000741b2cec0,0x0000000745580000)
 Metaspace       used 16189K, capacity 16485K, committed 16640K, reserved 1064960K
  class space    used 1861K, capacity 1978K, committed 2048K, reserved 1048576K
Event: 62.095 GC heap after
Heap after GC invocations=125 (full 0):
 PSYoungGen      total 24576K, used 64K [0x0000000795580000, 0x0000000796e80000, 0x00000007c0000000)
  eden space 24064K, 0% used [0x0000000795580000,0x0000000795580000,0x0000000796d00000)
  from space 512K, 12% used [0x0000000796d80000,0x0000000796d90000,0x0000000796e00000)
  to   space 512K, 0% used [0x0000000796e00000,0x0000000796e00000,0x0000000796e80000)
 ParOldGen       total 87552K, used 27851K [0x0000000740000000, 0x0000000745580000, 0x0000000795580000)
  object space 87552K, 31% used [0x0000000740000000,0x0000000741b32ec0,0x0000000745580000)
 Metaspace       used 16189K, capacity 16485K, committed 16640K, reserved 1064960K
  class space    used 1861K, capacity 1978K, committed 2048K, reserved 1048576K
}
Event: 62.292 GC heap before
{Heap before GC invocations=126 (full 0):
 PSYoungGen      total 24576K, used 19733K [0x0000000795580000, 0x0000000796e80000, 0x00000007c0000000)
  eden space 24064K, 81% used [0x0000000795580000,0x00000007968b5788,0x0000000796d00000)
  from space 512K, 12% used [0x0000000796d80000,0x0000000796d90000,0x0000000796e00000)
  to   space 512K, 0% used [0x0000000796e00000,0x0000000796e00000,0x0000000796e80000)
 ParOldGen       total 87552K, used 27851K [0x0000000740000000, 0x0000000745580000, 0x0000000795580000)
  object space 87552K, 31% used [0x0000000740000000,0x0000000741b32ec0,0x0000000745580000)
 Metaspace       used 16189K, capacity 16485K, committed 16640K, reserved 1064960K
  class space    used 1861K, capacity 1978K, committed 2048K, reserved 1048576K
Event: 62.294 GC heap after
Heap after GC invocations=126 (full 0):
 PSYoungGen      total 24576K, used 64K [0x0000000795580000, 0x0000000796e80000, 0x00000007c0000000)
  eden space 24064K, 0% used [0x0000000795580000,0x0000000795580000,0x0000000796d00000)
  from space 512K, 12% used [0x0000000796e00000,0x0000000796e10000,0x0000000796e80000)
  to   space 512K, 0% used [0x0000000796d80000,0x0000000796d80000,0x0000000796e00000)
 ParOldGen       total 87552K, used 27883K [0x0000000740000000, 0x0000000745580000, 0x0000000795580000)
  object space 87552K, 31% used [0x0000000740000000,0x0000000741b3aec0,0x0000000745580000)
 Metaspace       used 16189K, capacity 16485K, committed 16640K, reserved 1064960K
  class space    used 1861K, capacity 1978K, committed 2048K, reserved 1048576K
}
Event: 62.485 GC heap before
{Heap before GC invocations=127 (full 0):
 PSYoungGen      total 24576K, used 19733K [0x0000000795580000, 0x0000000796e80000, 0x00000007c0000000)
  eden space 24064K, 81% used [0x0000000795580000,0x00000007968b5798,0x0000000796d00000)
  from space 512K, 12% used [0x0000000796e00000,0x0000000796e10000,0x0000000796e80000)
  to   space 512K, 0% used [0x0000000796d80000,0x0000000796d80000,0x0000000796e00000)
 ParOldGen       total 87552K, used 27883K [0x0000000740000000, 0x0000000745580000, 0x0000000795580000)
  object space 87552K, 31% used [0x0000000740000000,0x0000000741b3aec0,0x0000000745580000)
 Metaspace       used 16189K, capacity 16485K, committed 16640K, reserved 1064960K
  class space    used 1861K, capacity 1978K, committed 2048K, reserved 1048576K
Event: 62.486 GC heap after
Heap after GC invocations=127 (full 0):
 PSYoungGen      total 24576K, used 96K [0x0000000795580000, 0x0000000796e80000, 0x00000007c0000000)
  eden space 24064K, 0% used [0x0000000795580000,0x0000000795580000,0x0000000796d00000)
  from space 512K, 18% used [0x0000000796d80000,0x0000000796d98000,0x0000000796e00000)
  to   space 512K, 0% used [0x0000000796e00000,0x0000000796e00000,0x0000000796e80000)
 ParOldGen       total 87552K, used 27915K [0x0000000740000000, 0x0000000745580000, 0x0000000795580000)
  object space 87552K, 31% used [0x0000000740000000,0x0000000741b42ec0,0x0000000745580000)
 Metaspace       used 16189K, capacity 16485K, committed 16640K, reserved 1064960K
  class space    used 1861K, capacity 1978K, committed 2048K, reserved 1048576K
}
Event: 62.664 GC heap before
{Heap before GC invocations=128 (full 0):
 PSYoungGen      total 24576K, used 19765K [0x0000000795580000, 0x0000000796e80000, 0x00000007c0000000)
  eden space 24064K, 81% used [0x0000000795580000,0x00000007968b5798,0x0000000796d00000)
  from space 512K, 18% used [0x0000000796d80000,0x0000000796d98000,0x0000000796e00000)
  to   space 512K, 0% used [0x0000000796e00000,0x0000000796e00000,0x0000000796e80000)
 ParOldGen       total 87552K, used 27915K [0x0000000740000000, 0x0000000745580000, 0x0000000795580000)
  object space 87552K, 31% used [0x0000000740000000,0x0000000741b42ec0,0x0000000745580000)
 Metaspace       used 16189K, capacity 16485K, committed 16640K, reserved 1064960K
  class space    used 1861K, capacity 1978K, committed 2048K, reserved 1048576K
Event: 62.665 GC heap after
Heap after GC invocations=128 (full 0):
 PSYoungGen      total 24576K, used 32K [0x0000000795580000, 0x0000000796e80000, 0x00000007c0000000)
  eden space 24064K, 0% used [0x0000000795580000,0x0000000795580000,0x0000000796d00000)
  from space 512K, 6% used [0x0000000796e00000,0x0000000796e08000,0x0000000796e80000)
  to   space 512K, 0% used [0x0000000796d80000,0x0000000796d80000,0x0000000796e00000)
 ParOldGen       total 87552K, used 27955K [0x0000000740000000, 0x0000000745580000, 0x0000000795580000)
  object space 87552K, 31% used [0x0000000740000000,0x0000000741b4cec0,0x0000000745580000)
 Metaspace       used 16189K, capacity 16485K, committed 16640K, reserved 1064960K
  class space    used 1861K, capacity 1978K, committed 2048K, reserved 1048576K
}

Deoptimization events (10 events):
Event: 12.617 Thread 0x00007fb932846000 Uncommon trap: reason=unstable_if action=reinterpret pc=0x000000011bac938c method=java.awt.Component.inside(II)Z @ 9
Event: 14.535 Thread 0x00007fb9308db000 Uncommon trap: reason=class_check action=maybe_recompile pc=0x000000011bb76c64 method=com.badlogic.gdx.scenes.scene2d.actions.SequenceAction.act(F)Z @ 37
Event: 14.647 Thread 0x00007fb9308db000 Uncommon trap: reason=unstable_if action=reinterpret pc=0x000000011bb826e4 method=com.main.axival.card.GifDecoder.decodeBitmapData()V @ 479
Event: 14.664 Thread 0x00007fb9308db000 Uncommon trap: reason=unstable_if action=reinterpret pc=0x000000011bb85638 method=com.main.axival.card.GifDecoder.setPixels()V @ 385
Event: 14.706 Thread 0x00007fb9308db000 Uncommon trap: reason=unstable_if action=reinterpret pc=0x000000011bb8615c method=com.main.axival.card.GifDecoder$DixieMap.<init>([IIILcom/badlogic/gdx/graphics/Pixmap$Format;)V @ 14
Event: 14.720 Thread 0x00007fb9308db000 Uncommon trap: reason=unstable_if action=reinterpret pc=0x000000011bb7eda4 method=com.main.axival.card.GifDecoder$DixieMap.getPixels([IIIIIII)V @ 17
Event: 14.759 Thread 0x00007fb9308db000 Uncommon trap: reason=unstable_if action=reinterpret pc=0x000000011bb8be5c method=com.main.axival.card.GifDecoder$DixieMap.<init>([IIILcom/badlogic/gdx/graphics/Pixmap$Format;)V @ 14
Event: 19.646 Thread 0x00007fb9308db000 Uncommon trap: reason=class_check action=maybe_recompile pc=0x000000011bb76c64 method=com.badlogic.gdx.scenes.scene2d.actions.SequenceAction.act(F)Z @ 37
Event: 25.495 Thread 0x00007fb9308db000 Uncommon trap: reason=class_check action=maybe_recompile pc=0x000000011bb76c64 method=com.badlogic.gdx.scenes.scene2d.actions.SequenceAction.act(F)Z @ 37
Event: 25.495 Thread 0x00007fb9308db000 Uncommon trap: reason=class_check action=maybe_recompile pc=0x000000011bb76c64 method=com.badlogic.gdx.scenes.scene2d.actions.SequenceAction.act(F)Z @ 37

Internal exceptions (10 events):
Event: 0.435 Thread 0x00007fb932800000 Exception <a 'java/io/FileNotFoundException'> (0x0000000795e136a0) thrown at [/Users/java_re/workspace/8-2-build-macosx-x86_64/jdk8u131/8869/hotspot/src/share/vm/prims/jni.cpp, line 709]
Event: 0.436 Thread 0x00007fb932800000 Exception <a 'java/io/FileNotFoundException'> (0x0000000795e14248) thrown at [/Users/java_re/workspace/8-2-build-macosx-x86_64/jdk8u131/8869/hotspot/src/share/vm/prims/jni.cpp, line 709]
Event: 0.451 Thread 0x00007fb932800000 Exception <a 'java/security/PrivilegedActionException'> (0x0000000795e673b0) thrown at [/Users/java_re/workspace/8-2-build-macosx-x86_64/jdk8u131/8869/hotspot/src/share/vm/prims/jvm.cpp, line 1390]
Event: 0.451 Thread 0x00007fb932800000 Exception <a 'java/security/PrivilegedActionException'> (0x0000000795e68f98) thrown at [/Users/java_re/workspace/8-2-build-macosx-x86_64/jdk8u131/8869/hotspot/src/share/vm/prims/jvm.cpp, line 1390]
Event: 0.451 Thread 0x00007fb932800000 Exception <a 'java/security/PrivilegedActionException'> (0x0000000795e6a0b8) thrown at [/Users/java_re/workspace/8-2-build-macosx-x86_64/jdk8u131/8869/hotspot/src/share/vm/prims/jvm.cpp, line 1390]
Event: 0.451 Thread 0x00007fb932800000 Exception <a 'java/security/PrivilegedActionException'> (0x0000000795e6f5b0) thrown at [/Users/java_re/workspace/8-2-build-macosx-x86_64/jdk8u131/8869/hotspot/src/share/vm/prims/jvm.cpp, line 1390]
Event: 0.451 Thread 0x00007fb932800000 Exception <a 'java/security/PrivilegedActionException'> (0x0000000795e70208) thrown at [/Users/java_re/workspace/8-2-build-macosx-x86_64/jdk8u131/8869/hotspot/src/share/vm/prims/jvm.cpp, line 1390]
Event: 0.451 Thread 0x00007fb932800000 Exception <a 'java/security/PrivilegedActionException'> (0x0000000795e70e30) thrown at [/Users/java_re/workspace/8-2-build-macosx-x86_64/jdk8u131/8869/hotspot/src/share/vm/prims/jvm.cpp, line 1390]
Event: 10.714 Thread 0x00007fb932846000 Implicit null exception at 0x000000011b7c7cf3 to 0x000000011b7c80d9
Event: 10.715 Thread 0x00007fb932846000 Implicit null exception at 0x000000011b7b2876 to 0x000000011b7b2c3d

Events (10 events):
Event: 62.486 Executing VM operation: ParallelGCFailedAllocation done
Event: 62.664 Executing VM operation: ParallelGCFailedAllocation
Event: 62.665 Executing VM operation: ParallelGCFailedAllocation done
Event: 64.067 Thread 0x00007fb930b7e800 Thread added: 0x00007fb930b7e800
Event: 64.735 loading class sun/misc/Signal$1
Event: 64.749 loading class sun/misc/Signal$1 done
Event: 64.750 Thread 0x00007fb930973800 Thread added: 0x00007fb930973800
Event: 64.759 Thread 0x00007fb93403c800 Thread added: 0x00007fb93403c800
Event: 64.896 Thread 0x00007fb93403c800 Thread exited: 0x00007fb93403c800
Event: 64.903 Executing VM operation: Exit


Dynamic libraries:
0x000000000472b000 	/System/Library/Frameworks/Cocoa.framework/Versions/A/Cocoa
0x000000000472b000 	/System/Library/Frameworks/Security.framework/Versions/A/Security
0x000000000472b000 	/System/Library/Frameworks/ApplicationServices.framework/Versions/A/ApplicationServices
0x000000000472b000 	/usr/lib/libz.1.dylib
0x000000000472b000 	/usr/lib/libSystem.B.dylib
0x000000000472b000 	/usr/lib/libobjc.A.dylib
0x000000000472b000 	/System/Library/Frameworks/CoreFoundation.framework/Versions/A/CoreFoundation
0x000000000472b000 	/System/Library/Frameworks/Foundation.framework/Versions/C/Foundation
0x000000000472b000 	/System/Library/Frameworks/AppKit.framework/Versions/C/AppKit
0x000000000472b000 	/System/Library/Frameworks/CoreData.framework/Versions/A/CoreData
0x000000000472b000 	/System/Library/PrivateFrameworks/RemoteViewServices.framework/Versions/A/RemoteViewServices
0x000000000472b000 	/System/Library/PrivateFrameworks/UIFoundation.framework/Versions/A/UIFoundation
0x000000000472b000 	/System/Library/PrivateFrameworks/DFRFoundation.framework/Versions/A/DFRFoundation
0x000000000472b000 	/System/Library/Frameworks/Metal.framework/Versions/A/Metal
0x000000000472b000 	/System/Library/PrivateFrameworks/DesktopServicesPriv.framework/Versions/A/DesktopServicesPriv
0x000000000472b000 	/usr/lib/libenergytrace.dylib
0x000000000472b000 	/System/Library/PrivateFrameworks/SkyLight.framework/Versions/A/SkyLight
0x000000000472b000 	/System/Library/Frameworks/CoreGraphics.framework/Versions/A/CoreGraphics
0x000000000472b000 	/usr/lib/libScreenReader.dylib
0x000000000472b000 	/System/Library/Frameworks/Accelerate.framework/Versions/A/Accelerate
0x000000000472b000 	/System/Library/Frameworks/IOSurface.framework/Versions/A/IOSurface
0x000000000472b000 	/System/Library/Frameworks/AudioToolbox.framework/Versions/A/AudioToolbox
0x000000000472b000 	/System/Library/Frameworks/AudioUnit.framework/Versions/A/AudioUnit
0x000000000472b000 	/System/Library/PrivateFrameworks/DataDetectorsCore.framework/Versions/A/DataDetectorsCore
0x000000000472b000 	/System/Library/Frameworks/Carbon.framework/Versions/A/Frameworks/HIToolbox.framework/Versions/A/HIToolbox
0x000000000472b000 	/usr/lib/libicucore.A.dylib
0x000000000472b000 	/System/Library/Frameworks/QuartzCore.framework/Versions/A/QuartzCore
0x000000000472b000 	/System/Library/Frameworks/Carbon.framework/Versions/A/Frameworks/SpeechRecognition.framework/Versions/A/SpeechRecognition
0x000000000472b000 	/usr/lib/libauto.dylib
0x000000000472b000 	/usr/lib/libxml2.2.dylib
0x000000000472b000 	/System/Library/PrivateFrameworks/CoreUI.framework/Versions/A/CoreUI
0x000000000472b000 	/System/Library/Frameworks/CoreAudio.framework/Versions/A/CoreAudio
0x000000000472b000 	/System/Library/Frameworks/DiskArbitration.framework/Versions/A/DiskArbitration
0x000000000472b000 	/usr/lib/liblangid.dylib
0x000000000472b000 	/System/Library/PrivateFrameworks/MultitouchSupport.framework/Versions/A/MultitouchSupport
0x000000000472b000 	/System/Library/Frameworks/IOKit.framework/Versions/A/IOKit
0x000000000472b000 	/usr/lib/libDiagnosticMessagesClient.dylib
0x000000000472b000 	/System/Library/Frameworks/CoreServices.framework/Versions/A/CoreServices
0x000000000472b000 	/System/Library/PrivateFrameworks/PerformanceAnalysis.framework/Versions/A/PerformanceAnalysis
0x000000000472b000 	/System/Library/Frameworks/OpenGL.framework/Versions/A/OpenGL
0x000000000472b000 	/System/Library/Frameworks/ColorSync.framework/Versions/A/ColorSync
0x000000000472b000 	/System/Library/Frameworks/CoreImage.framework/Versions/A/CoreImage
0x000000000472b000 	/System/Library/Frameworks/CoreText.framework/Versions/A/CoreText
0x000000000472b000 	/System/Library/Frameworks/ImageIO.framework/Versions/A/ImageIO
0x000000000472b000 	/System/Library/PrivateFrameworks/Backup.framework/Versions/A/Backup
0x000000000472b000 	/usr/lib/libarchive.2.dylib
0x000000000472b000 	/System/Library/Frameworks/CFNetwork.framework/Versions/A/CFNetwork
0x000000000472b000 	/System/Library/Frameworks/SystemConfiguration.framework/Versions/A/SystemConfiguration
0x000000000472b000 	/usr/lib/libCRFSuite.dylib
0x000000000472b000 	/usr/lib/libc++.1.dylib
0x000000000472b000 	/usr/lib/libc++abi.dylib
0x000000000472b000 	/usr/lib/system/libcache.dylib
0x000000000472b000 	/usr/lib/system/libcommonCrypto.dylib
0x000000000472b000 	/usr/lib/system/libcompiler_rt.dylib
0x000000000472b000 	/usr/lib/system/libcopyfile.dylib
0x000000000472b000 	/usr/lib/system/libcorecrypto.dylib
0x000000000472b000 	/usr/lib/system/libdispatch.dylib
0x000000000472b000 	/usr/lib/system/libdyld.dylib
0x000000000472b000 	/usr/lib/system/libkeymgr.dylib
0x000000000472b000 	/usr/lib/system/liblaunch.dylib
0x000000000472b000 	/usr/lib/system/libmacho.dylib
0x000000000472b000 	/usr/lib/system/libquarantine.dylib
0x000000000472b000 	/usr/lib/system/libremovefile.dylib
0x000000000472b000 	/usr/lib/system/libsystem_asl.dylib
0x000000000472b000 	/usr/lib/system/libsystem_blocks.dylib
0x000000000472b000 	/usr/lib/system/libsystem_c.dylib
0x000000000472b000 	/usr/lib/system/libsystem_configuration.dylib
0x000000000472b000 	/usr/lib/system/libsystem_coreservices.dylib
0x000000000472b000 	/usr/lib/system/libsystem_darwin.dylib
0x000000000472b000 	/usr/lib/system/libsystem_dnssd.dylib
0x000000000472b000 	/usr/lib/system/libsystem_info.dylib
0x000000000472b000 	/usr/lib/system/libsystem_m.dylib
0x000000000472b000 	/usr/lib/system/libsystem_malloc.dylib
0x000000000472b000 	/usr/lib/system/libsystem_network.dylib
0x000000000472b000 	/usr/lib/system/libsystem_networkextension.dylib
0x000000000472b000 	/usr/lib/system/libsystem_notify.dylib
0x000000000472b000 	/usr/lib/system/libsystem_sandbox.dylib
0x000000000472b000 	/usr/lib/system/libsystem_secinit.dylib
0x000000000472b000 	/usr/lib/system/libsystem_kernel.dylib
0x000000000472b000 	/usr/lib/system/libsystem_platform.dylib
0x000000000472b000 	/usr/lib/system/libsystem_pthread.dylib
0x000000000472b000 	/usr/lib/system/libsystem_symptoms.dylib
0x000000000472b000 	/usr/lib/system/libsystem_trace.dylib
0x000000000472b000 	/usr/lib/system/libunwind.dylib
0x000000000472b000 	/usr/lib/system/libxpc.dylib
0x000000000472b000 	/usr/lib/closure/libclosured.dylib
0x000000000472b000 	/usr/lib/libbsm.0.dylib
0x000000000472b000 	/usr/lib/system/libkxld.dylib
0x000000000472b000 	/usr/lib/libOpenScriptingUtil.dylib
0x000000000472b000 	/usr/lib/libcoretls.dylib
0x000000000472b000 	/usr/lib/libcoretls_cfhelpers.dylib
0x000000000472b000 	/usr/lib/libpam.2.dylib
0x000000000472b000 	/usr/lib/libsqlite3.dylib
0x000000000472b000 	/usr/lib/libxar.1.dylib
0x000000000472b000 	/usr/lib/libbz2.1.0.dylib
0x000000000472b000 	/usr/lib/liblzma.5.dylib
0x000000000472b000 	/usr/lib/libnetwork.dylib
0x000000000472b000 	/usr/lib/libapple_nghttp2.dylib
0x000000000472b000 	/usr/lib/libpcap.A.dylib
0x000000000472b000 	/usr/lib/libboringssl.dylib
0x000000000472b000 	/usr/lib/libusrtcp.dylib
0x000000000472b000 	/usr/lib/libapple_crypto.dylib
0x000000000472b000 	/System/Library/Frameworks/CoreServices.framework/Versions/A/Frameworks/FSEvents.framework/Versions/A/FSEvents
0x000000000472b000 	/System/Library/Frameworks/CoreServices.framework/Versions/A/Frameworks/CarbonCore.framework/Versions/A/CarbonCore
0x000000000472b000 	/System/Library/Frameworks/CoreServices.framework/Versions/A/Frameworks/Metadata.framework/Versions/A/Metadata
0x000000000472b000 	/System/Library/Frameworks/CoreServices.framework/Versions/A/Frameworks/OSServices.framework/Versions/A/OSServices
0x000000000472b000 	/System/Library/Frameworks/CoreServices.framework/Versions/A/Frameworks/SearchKit.framework/Versions/A/SearchKit
0x000000000472b000 	/System/Library/Frameworks/CoreServices.framework/Versions/A/Frameworks/AE.framework/Versions/A/AE
0x000000000472b000 	/System/Library/Frameworks/CoreServices.framework/Versions/A/Frameworks/LaunchServices.framework/Versions/A/LaunchServices
0x000000000472b000 	/System/Library/Frameworks/CoreServices.framework/Versions/A/Frameworks/DictionaryServices.framework/Versions/A/DictionaryServices
0x000000000472b000 	/System/Library/Frameworks/CoreServices.framework/Versions/A/Frameworks/SharedFileList.framework/Versions/A/SharedFileList
0x000000000472b000 	/System/Library/Frameworks/NetFS.framework/Versions/A/NetFS
0x000000000472b000 	/System/Library/PrivateFrameworks/NetAuth.framework/Versions/A/NetAuth
0x000000000472b000 	/System/Library/PrivateFrameworks/login.framework/Versions/A/Frameworks/loginsupport.framework/Versions/A/loginsupport
0x000000000472b000 	/System/Library/PrivateFrameworks/TCC.framework/Versions/A/TCC
0x000000000472b000 	/usr/lib/libmecabra.dylib
0x000000000472b000 	/System/Library/Frameworks/ApplicationServices.framework/Versions/A/Frameworks/ATS.framework/Versions/A/ATS
0x000000000472b000 	/System/Library/Frameworks/ApplicationServices.framework/Versions/A/Frameworks/ColorSyncLegacy.framework/Versions/A/ColorSyncLegacy
0x000000000472b000 	/System/Library/Frameworks/ApplicationServices.framework/Versions/A/Frameworks/HIServices.framework/Versions/A/HIServices
0x000000000472b000 	/System/Library/Frameworks/ApplicationServices.framework/Versions/A/Frameworks/LangAnalysis.framework/Versions/A/LangAnalysis
0x000000000472b000 	/System/Library/Frameworks/ApplicationServices.framework/Versions/A/Frameworks/PrintCore.framework/Versions/A/PrintCore
0x000000000472b000 	/System/Library/Frameworks/ApplicationServices.framework/Versions/A/Frameworks/QD.framework/Versions/A/QD
0x000000000472b000 	/System/Library/Frameworks/ApplicationServices.framework/Versions/A/Frameworks/SpeechSynthesis.framework/Versions/A/SpeechSynthesis
0x000000000472b000 	/System/Library/Frameworks/CoreDisplay.framework/Versions/A/CoreDisplay
0x000000000472b000 	/System/Library/Frameworks/Accelerate.framework/Versions/A/Frameworks/vImage.framework/Versions/A/vImage
0x000000000472b000 	/System/Library/Frameworks/Accelerate.framework/Versions/A/Frameworks/vecLib.framework/Versions/A/vecLib
0x000000000472b000 	/System/Library/Frameworks/Accelerate.framework/Versions/A/Frameworks/vecLib.framework/Versions/A/libvDSP.dylib
0x000000000472b000 	/System/Library/Frameworks/Accelerate.framework/Versions/A/Frameworks/vecLib.framework/Versions/A/libBNNS.dylib
0x000000000472b000 	/System/Library/Frameworks/Accelerate.framework/Versions/A/Frameworks/vecLib.framework/Versions/A/libQuadrature.dylib
0x000000000472b000 	/System/Library/Frameworks/Accelerate.framework/Versions/A/Frameworks/vecLib.framework/Versions/A/libvMisc.dylib
0x000000000472b000 	/System/Library/Frameworks/Accelerate.framework/Versions/A/Frameworks/vecLib.framework/Versions/A/libLAPACK.dylib
0x000000000472b000 	/System/Library/Frameworks/Accelerate.framework/Versions/A/Frameworks/vecLib.framework/Versions/A/libBLAS.dylib
0x000000000472b000 	/System/Library/Frameworks/Accelerate.framework/Versions/A/Frameworks/vecLib.framework/Versions/A/libLinearAlgebra.dylib
0x000000000472b000 	/System/Library/Frameworks/Accelerate.framework/Versions/A/Frameworks/vecLib.framework/Versions/A/libSparse.dylib
0x000000000472b000 	/System/Library/Frameworks/Accelerate.framework/Versions/A/Frameworks/vecLib.framework/Versions/A/libSparseBLAS.dylib
0x000000000472b000 	/System/Library/PrivateFrameworks/IOAccelerator.framework/Versions/A/IOAccelerator
0x000000000472b000 	/System/Library/PrivateFrameworks/IOPresentment.framework/Versions/A/IOPresentment
0x000000000472b000 	/System/Library/PrivateFrameworks/DSExternalDisplay.framework/Versions/A/DSExternalDisplay
0x000000000472b000 	/System/Library/Frameworks/OpenGL.framework/Versions/A/Libraries/libCoreFSCache.dylib
0x000000000472b000 	/System/Library/Frameworks/CoreVideo.framework/Versions/A/CoreVideo
0x000000000472b000 	/System/Library/PrivateFrameworks/GraphVisualizer.framework/Versions/A/GraphVisualizer
0x000000000472b000 	/System/Library/Frameworks/MetalPerformanceShaders.framework/Versions/A/MetalPerformanceShaders
0x000000000472b000 	/usr/lib/libFosl_dynamic.dylib
0x000000000472b000 	/System/Library/PrivateFrameworks/FaceCore.framework/Versions/A/FaceCore
0x000000000472b000 	/System/Library/Frameworks/OpenCL.framework/Versions/A/OpenCL
0x000000000472b000 	/usr/lib/libcompression.dylib
0x000000000472b000 	/System/Library/Frameworks/ApplicationServices.framework/Versions/A/Frameworks/ATS.framework/Versions/A/Resources/libFontParser.dylib
0x000000000472b000 	/System/Library/Frameworks/ApplicationServices.framework/Versions/A/Frameworks/ATS.framework/Versions/A/Resources/libFontRegistry.dylib
0x000000000472b000 	/System/Library/Frameworks/ImageIO.framework/Versions/A/Resources/libJPEG.dylib
0x000000000472b000 	/System/Library/Frameworks/ImageIO.framework/Versions/A/Resources/libTIFF.dylib
0x000000000472b000 	/System/Library/Frameworks/ImageIO.framework/Versions/A/Resources/libPng.dylib
0x000000000472b000 	/System/Library/Frameworks/ImageIO.framework/Versions/A/Resources/libGIF.dylib
0x000000000472b000 	/System/Library/Frameworks/ImageIO.framework/Versions/A/Resources/libJP2.dylib
0x000000000472b000 	/System/Library/Frameworks/ImageIO.framework/Versions/A/Resources/libRadiance.dylib
0x000000000472b000 	/System/Library/PrivateFrameworks/AppleJPEG.framework/Versions/A/AppleJPEG
0x000000000472b000 	/System/Library/PrivateFrameworks/MetalTools.framework/Versions/A/MetalTools
0x000000000472b000 	/System/Library/Frameworks/MetalPerformanceShaders.framework/Frameworks/MPSCore.framework/Versions/A/MPSCore
0x000000000472b000 	/System/Library/Frameworks/MetalPerformanceShaders.framework/Frameworks/MPSImage.framework/Versions/A/MPSImage
0x000000000472b000 	/System/Library/Frameworks/MetalPerformanceShaders.framework/Frameworks/MPSMatrix.framework/Versions/A/MPSMatrix
0x000000000472b000 	/System/Library/Frameworks/MetalPerformanceShaders.framework/Frameworks/MPSNeuralNetwork.framework/Versions/A/MPSNeuralNetwork
0x000000000472b000 	/System/Library/Frameworks/OpenGL.framework/Versions/A/Libraries/libGLU.dylib
0x000000000472b000 	/System/Library/Frameworks/OpenGL.framework/Versions/A/Libraries/libGFXShared.dylib
0x000000000472b000 	/System/Library/Frameworks/OpenGL.framework/Versions/A/Libraries/libGL.dylib
0x000000000472b000 	/System/Library/Frameworks/OpenGL.framework/Versions/A/Libraries/libGLImage.dylib
0x000000000472b000 	/System/Library/Frameworks/OpenGL.framework/Versions/A/Libraries/libCVMSPluginSupport.dylib
0x000000000472b000 	/System/Library/Frameworks/OpenGL.framework/Versions/A/Libraries/libCoreVMClient.dylib
0x000000000472b000 	/usr/lib/libcups.2.dylib
0x000000000472b000 	/System/Library/Frameworks/Kerberos.framework/Versions/A/Kerberos
0x000000000472b000 	/System/Library/Frameworks/GSS.framework/Versions/A/GSS
0x000000000472b000 	/usr/lib/libresolv.9.dylib
0x000000000472b000 	/usr/lib/libiconv.2.dylib
0x000000000472b000 	/System/Library/PrivateFrameworks/Heimdal.framework/Versions/A/Heimdal
0x000000000472b000 	/usr/lib/libheimdal-asn1.dylib
0x000000000472b000 	/System/Library/Frameworks/OpenDirectory.framework/Versions/A/OpenDirectory
0x000000000472b000 	/System/Library/PrivateFrameworks/CommonAuth.framework/Versions/A/CommonAuth
0x000000000472b000 	/System/Library/Frameworks/OpenDirectory.framework/Versions/A/Frameworks/CFOpenDirectory.framework/Versions/A/CFOpenDirectory
0x000000000472b000 	/System/Library/Frameworks/SecurityFoundation.framework/Versions/A/SecurityFoundation
0x000000000472b000 	/System/Library/PrivateFrameworks/APFS.framework/Versions/A/APFS
0x000000000472b000 	/usr/lib/libutil.dylib
0x000000000472b000 	/System/Library/PrivateFrameworks/AppleSauce.framework/Versions/A/AppleSauce
0x000000000472b000 	/System/Library/PrivateFrameworks/LinguisticData.framework/Versions/A/LinguisticData
0x000000000472b000 	/usr/lib/libmarisa.dylib
0x000000000472b000 	/System/Library/PrivateFrameworks/Lexicon.framework/Versions/A/Lexicon
0x000000000472b000 	/usr/lib/libChineseTokenizer.dylib
0x000000000472b000 	/usr/lib/libcmph.dylib
0x000000000472b000 	/System/Library/PrivateFrameworks/LanguageModeling.framework/Versions/A/LanguageModeling
0x000000000472b000 	/System/Library/PrivateFrameworks/CoreEmoji.framework/Versions/A/CoreEmoji
0x000000000472b000 	/System/Library/Frameworks/ServiceManagement.framework/Versions/A/ServiceManagement
0x000000000472b000 	/System/Library/PrivateFrameworks/BackgroundTaskManagement.framework/Versions/A/BackgroundTaskManagement
0x000000000472b000 	/usr/lib/libxslt.1.dylib
0x000000000472b000 	/System/Library/Frameworks/Carbon.framework/Versions/A/Frameworks/Ink.framework/Versions/A/Ink
0x000000000472b000 	/System/Library/PrivateFrameworks/TextureIO.framework/Versions/A/TextureIO
0x000000000472b000 	/usr/lib/libate.dylib
0x000000000472b000 	/System/Library/PrivateFrameworks/CrashReporterSupport.framework/Versions/A/CrashReporterSupport
0x000000000472b000 	/System/Library/PrivateFrameworks/Sharing.framework/Versions/A/Sharing
0x000000000472b000 	/System/Library/PrivateFrameworks/IconServices.framework/Versions/A/IconServices
0x000000000472b000 	/System/Library/PrivateFrameworks/ProtocolBuffer.framework/Versions/A/ProtocolBuffer
0x000000000472b000 	/System/Library/PrivateFrameworks/Apple80211.framework/Versions/A/Apple80211
0x000000000472b000 	/System/Library/Frameworks/CoreWLAN.framework/Versions/A/CoreWLAN
0x000000000472b000 	/System/Library/PrivateFrameworks/CoreUtils.framework/Versions/A/CoreUtils
0x000000000472b000 	/System/Library/Frameworks/IOBluetooth.framework/Versions/A/IOBluetooth
0x000000000472b000 	/System/Library/PrivateFrameworks/CoreWiFi.framework/Versions/A/CoreWiFi
0x000000000472b000 	/System/Library/Frameworks/CoreBluetooth.framework/Versions/A/CoreBluetooth
0x000000000472b000 	/System/Library/PrivateFrameworks/SignpostNotification.framework/Versions/A/SignpostNotification
0x000000000472b000 	/System/Library/PrivateFrameworks/DebugSymbols.framework/Versions/A/DebugSymbols
0x000000000472b000 	/System/Library/PrivateFrameworks/CoreSymbolication.framework/Versions/A/CoreSymbolication
0x000000000472b000 	/System/Library/PrivateFrameworks/Symbolication.framework/Versions/A/Symbolication
0x000000000472b000 	/System/Library/PrivateFrameworks/AppleFSCompression.framework/Versions/A/AppleFSCompression
0x000000000472b000 	/System/Library/PrivateFrameworks/SpeechRecognitionCore.framework/Versions/A/SpeechRecognitionCore
0x000000010cc00000 	/Library/Java/JavaVirtualMachines/jdk1.8.0_131.jdk/Contents/Home/jre/lib/server/libjvm.dylib
0x000000000472b000 	/usr/lib/libstdc++.6.0.9.dylib
0x000000010bb20000 	/Library/Java/JavaVirtualMachines/jdk1.8.0_131.jdk/Contents/Home/jre/lib/libverify.dylib
0x000000010bb2e000 	/Library/Java/JavaVirtualMachines/jdk1.8.0_131.jdk/Contents/Home/jre/lib/libjava.dylib
0x000000010bb64000 	/Library/Java/JavaVirtualMachines/jdk1.8.0_131.jdk/Contents/Home/jre/lib/libinstrument.dylib
0x000000010dbab000 	/Library/Java/JavaVirtualMachines/jdk1.8.0_131.jdk/Contents/Home/jre/lib/libzip.dylib
0x000000000472b000 	/System/Library/Frameworks/JavaVM.framework/Versions/A/Frameworks/JavaRuntimeSupport.framework/Versions/A/JavaRuntimeSupport
0x000000000472b000 	/System/Library/Frameworks/JavaVM.framework/Versions/A/Frameworks/JavaNativeFoundation.framework/Versions/A/JavaNativeFoundation
0x000000000472b000 	/System/Library/Frameworks/JavaVM.framework/Versions/A/JavaVM
0x000000000472b000 	/System/Library/Frameworks/Carbon.framework/Versions/A/Carbon
0x000000000472b000 	/System/Library/PrivateFrameworks/JavaLaunching.framework/Versions/A/JavaLaunching
0x000000000472b000 	/System/Library/Frameworks/Carbon.framework/Versions/A/Frameworks/CommonPanels.framework/Versions/A/CommonPanels
0x000000000472b000 	/System/Library/Frameworks/Carbon.framework/Versions/A/Frameworks/Help.framework/Versions/A/Help
0x000000000472b000 	/System/Library/Frameworks/Carbon.framework/Versions/A/Frameworks/ImageCapture.framework/Versions/A/ImageCapture
0x000000000472b000 	/System/Library/Frameworks/Carbon.framework/Versions/A/Frameworks/OpenScripting.framework/Versions/A/OpenScripting
0x000000000472b000 	/System/Library/Frameworks/Carbon.framework/Versions/A/Frameworks/Print.framework/Versions/A/Print
0x000000000472b000 	/System/Library/Frameworks/Carbon.framework/Versions/A/Frameworks/SecurityHI.framework/Versions/A/SecurityHI
0x0000000116cc1000 	/Library/Java/JavaVirtualMachines/jdk1.8.0_131.jdk/Contents/Home/jre/lib/libnet.dylib
0x0000000116d20000 	/private/var/folders/h8/3yxh8fbd4j53flyb_dzl0hh40000gn/T/libgdxsattayasingkul/6e213a1/libgdx64.dylib
0x0000000116d6b000 	/Library/Java/JavaVirtualMachines/jdk1.8.0_131.jdk/Contents/Home/jre/lib/libawt.dylib
0x0000000116e13000 	/Library/Java/JavaVirtualMachines/jdk1.8.0_131.jdk/Contents/Home/jre/lib/./libmlib_image.dylib
0x0000000116edf000 	/Library/Java/JavaVirtualMachines/jdk1.8.0_131.jdk/Contents/Home/jre/lib/libawt_lwawt.dylib
0x0000000116f96000 	/Library/Java/JavaVirtualMachines/jdk1.8.0_131.jdk/Contents/Home/jre/lib/./libosxapp.dylib
0x000000000472b000 	/System/Library/Frameworks/ExceptionHandling.framework/Versions/A/ExceptionHandling
0x000000000472b000 	/System/Library/PrivateFrameworks/CoreServicesInternal.framework/Versions/A/CoreServicesInternal
0x000000000472b000 	/System/Library/CoreServices/RawCamera.bundle/Contents/MacOS/RawCamera
0x000000000472b000 	/System/Library/PrivateFrameworks/MobileAsset.framework/Versions/A/MobileAsset
0x000000000472b000 	/System/Library/PrivateFrameworks/StreamingZip.framework/Versions/A/StreamingZip
0x000000000472b000 	/System/Library/Frameworks/MediaToolbox.framework/Versions/A/MediaToolbox
0x000000000472b000 	/System/Library/PrivateFrameworks/CoreAVCHD.framework/Versions/A/CoreAVCHD
0x000000000472b000 	/System/Library/Frameworks/MediaAccessibility.framework/Versions/A/MediaAccessibility
0x000000000472b000 	/System/Library/PrivateFrameworks/Mangrove.framework/Versions/A/Mangrove
0x000000000472b000 	/System/Library/Frameworks/CoreMedia.framework/Versions/A/CoreMedia
0x000000000472b000 	/System/Library/Frameworks/VideoToolbox.framework/Versions/A/VideoToolbox
0x000000000472b000 	/System/Library/PrivateFrameworks/CoreAUC.framework/Versions/A/CoreAUC
0x000000000472b000 	/usr/lib/libspindump.dylib
0x000000000472b000 	/usr/lib/libdscsym.dylib
0x000000000472b000 	/System/Library/PrivateFrameworks/AppleVA.framework/Versions/A/AppleVA
0x000000000472b000 	/System/Library/Frameworks/Accelerate.framework/Versions/A/Frameworks/vImage.framework/Versions/A/Libraries/libCGInterfaces.dylib
0x000000000472b000 	/System/Library/Frameworks/ApplicationServices.framework/Versions/A/Frameworks/ATS.framework/Versions/A/Resources/libTrueTypeScaler.dylib
0x000000000472b000 	/System/Library/Frameworks/OpenGL.framework/Versions/A/Resources/GLEngine.bundle/GLEngine
0x000000000472b000 	/System/Library/Frameworks/OpenGL.framework/Versions/A/Libraries/libGLProgrammability.dylib
0x0000000119156000 	/System/Library/Extensions/AppleIntelHD4000GraphicsGLDriver.bundle/Contents/MacOS/AppleIntelHD4000GraphicsGLDriver
0x000000000472b000 	/System/Library/PrivateFrameworks/GPUSupport.framework/Versions/A/Libraries/libGPUSupportMercury.dylib
0x000000000472b000 	/System/Library/Extensions/GeForceGLDriver.bundle/Contents/MacOS/GeForceGLDriver
0x000000000472b000 	/System/Library/Extensions/GeForceGLDriver.bundle/Contents/MacOS/libclh.dylib
0x000000000472b000 	/System/Library/Frameworks/OpenGL.framework/Versions/A/Resources/GLRendererFloat.bundle/GLRendererFloat
0x000000000472b000 	/System/Library/Frameworks/OpenCL.framework/Versions/A/Libraries/libcldcpuengine.dylib
0x000000000472b000 	/usr/lib/libcrypto.35.dylib
0x000000000472b000 	/System/Library/PrivateFrameworks/TrustEvaluationAgent.framework/Versions/A/TrustEvaluationAgent
0x000000000472b000 	/System/Library/Extensions/AppleIntelHD4000GraphicsMTLDriver.bundle/Contents/MacOS/AppleIntelHD4000GraphicsMTLDriver
0x000000000472b000 	/System/Library/Extensions/GeForceMTLDriver.bundle/Contents/MacOS/GeForceMTLDriver
0x000000000472b000 	/System/Library/PrivateFrameworks/GPUCompiler.framework/Versions/3802/Libraries/libmetal_timestamp.dylib
0x000000000472b000 	/System/Library/PrivateFrameworks/FamilyControls.framework/Versions/A/FamilyControls
0x000000000472b000 	/System/Library/PrivateFrameworks/CommerceKit.framework/Versions/A/Frameworks/CommerceCore.framework/Versions/A/CommerceCore
0x000000000472b000 	/System/Library/PrivateFrameworks/SystemAdministration.framework/Versions/A/SystemAdministration
0x000000000472b000 	/System/Library/PrivateFrameworks/AppContainer.framework/Versions/A/AppContainer
0x000000000472b000 	/System/Library/PrivateFrameworks/SecCodeWrapper.framework/Versions/A/SecCodeWrapper
0x000000000472b000 	/System/Library/PrivateFrameworks/DiskManagement.framework/Versions/A/DiskManagement
0x000000000472b000 	/System/Library/Frameworks/DirectoryService.framework/Versions/A/DirectoryService
0x000000000472b000 	/System/Library/PrivateFrameworks/DiskImages.framework/Versions/A/DiskImages
0x000000000472b000 	/System/Library/PrivateFrameworks/LoginUIKit.framework/Versions/A/Frameworks/LoginUICore.framework/Versions/A/LoginUICore
0x000000000472b000 	/usr/lib/libCoreStorage.dylib
0x000000000472b000 	/usr/lib/libcsfde.dylib
0x000000000472b000 	/usr/lib/libodfde.dylib
0x000000000472b000 	/System/Library/PrivateFrameworks/MediaKit.framework/Versions/A/MediaKit
0x000000000472b000 	/System/Library/Frameworks/DiscRecording.framework/Versions/A/DiscRecording
0x000000000472b000 	/System/Library/PrivateFrameworks/EFILogin.framework/Versions/A/EFILogin
0x000000000472b000 	/System/Library/PrivateFrameworks/ProtectedCloudStorage.framework/Versions/A/ProtectedCloudStorage
0x000000000472b000 	/usr/lib/libcurl.4.dylib
0x000000000472b000 	/usr/lib/libssl.35.dylib
0x000000000472b000 	/System/Library/Frameworks/LDAP.framework/Versions/A/LDAP
0x000000000472b000 	/usr/lib/libsasl2.2.dylib
0x000000000472b000 	/System/Library/PrivateFrameworks/CoreDaemon.framework/Versions/B/CoreDaemon
0x000000000472b000 	/System/Library/PrivateFrameworks/AppleSRP.framework/Versions/A/AppleSRP
0x0000000119aff000 	/Library/Java/JavaVirtualMachines/jdk1.8.0_131.jdk/Contents/Home/jre/lib/libfontmanager.dylib
0x0000000119b66000 	/private/var/folders/h8/3yxh8fbd4j53flyb_dzl0hh40000gn/T/libgdxsattayasingkul/f7649394/liblwjgl.dylib
0x000000011808a000 	/Library/Java/JavaVirtualMachines/jdk1.8.0_131.jdk/Contents/Home/jre/lib/libjawt.dylib
0x0000000119be8000 	/var/folders/h8/3yxh8fbd4j53flyb_dzl0hh40000gn/T/libgdxsattayasingkul/f7649394/openal.dylib
0x0000000119c61000 	/System/Library/Components/CoreAudio.component/Contents/MacOS/CoreAudio
0x0000000119ea8000 	/System/Library/Extensions/AppleHDA.kext/Contents/PlugIns/AppleHDAHALPlugIn.bundle/Contents/MacOS/AppleHDAHALPlugIn
0x000000000472b000 	/System/Library/PrivateFrameworks/ViewBridge.framework/Versions/A/ViewBridge
0x000000011889d000 	/Library/Java/JavaVirtualMachines/jdk1.8.0_131.jdk/Contents/Home/jre/lib/libosxui.dylib
0x000000012e5ce000 	/Library/Java/JavaVirtualMachines/jdk1.8.0_131.jdk/Contents/Home/jre/lib/libnio.dylib

VM Arguments:
jvm_args: -javaagent:/Applications/IntelliJ IDEA.app/Contents/lib/idea_rt.jar=50779:/Applications/IntelliJ IDEA.app/Contents/bin -Dfile.encoding=UTF-8 
java_command: com.testgdx.game.desktop.MainTest
java_class_path (initial): /Library/Java/JavaVirtualMachines/jdk1.8.0_131.jdk/Contents/Home/jre/lib/charsets.jar:/Library/Java/JavaVirtualMachines/jdk1.8.0_131.jdk/Contents/Home/jre/lib/deploy.jar:/Library/Java/JavaVirtualMachines/jdk1.8.0_131.jdk/Contents/Home/jre/lib/ext/cldrdata.jar:/Library/Java/JavaVirtualMachines/jdk1.8.0_131.jdk/Contents/Home/jre/lib/ext/dnsns.jar:/Library/Java/JavaVirtualMachines/jdk1.8.0_131.jdk/Contents/Home/jre/lib/ext/jaccess.jar:/Library/Java/JavaVirtualMachines/jdk1.8.0_131.jdk/Contents/Home/jre/lib/ext/jfxrt.jar:/Library/Java/JavaVirtualMachines/jdk1.8.0_131.jdk/Contents/Home/jre/lib/ext/localedata.jar:/Library/Java/JavaVirtualMachines/jdk1.8.0_131.jdk/Contents/Home/jre/lib/ext/nashorn.jar:/Library/Java/JavaVirtualMachines/jdk1.8.0_131.jdk/Contents/Home/jre/lib/ext/sunec.jar:/Library/Java/JavaVirtualMachines/jdk1.8.0_131.jdk/Contents/Home/jre/lib/ext/sunjce_provider.jar:/Library/Java/JavaVirtualMachines/jdk1.8.0_131.jdk/Contents/Home/jre/lib/ext/sunpkcs11.jar:/Library/Java/JavaVirtualMachines/jdk1.8.0_131.jdk/Contents/Home/jre/lib/ext/zipfs.jar:/Library/Java/JavaVirtualMachines/jdk1.8.0_131.jdk/Contents/Home/jre/lib/javaws.jar:/Library/Java/JavaVirtualMachines/jdk1.8.0_131.jdk/Contents/Home/jre/lib/jce.jar:/Library/Java/JavaVirtualMachines/jdk1.8.0_131.jdk/Contents/Home/jre/lib/jfr.jar:/Library/Java/JavaVirtualMachines/jdk1.8.0_131.jdk/Contents/Home/jre/lib/jfxswt.jar:/Library/Java/JavaVirtualMachines/jdk1.8.0_131.jdk/Contents/Home/jre/lib/jsse.jar:/Library/Java/JavaVirtualMachines/jdk1.8.0_131.jdk/Contents/Home/jre/lib/management-agent.jar:/Library/Java/JavaVirtualMachines/jdk1.8.0_131.jdk/Contents/Home/jre/lib/plugin.jar:/Library/Java/JavaVirtualMachines/jdk1.8.0_131.jdk/Contents/Home/jre/lib/resources.jar:/Library/Java/JavaVirtualMachines/jdk1.8.0_131.jdk/Contents/Home/jre/lib/rt.jar:/Library/Java/JavaVirtualMachines/jdk1.8.0_131.jdk/Contents/Home/lib/ant-javafx.jar:/Library/Java/JavaVirtualMachines/jdk1.8.0_131.jdk/Contents/Home
Launcher Type: SUN_STANDARD

Environment Variables:
PATH=/Users/sattayasingkul/anaconda/bin:/Library/Frameworks/Python.framework/Versions/3.6/bin:/Applications/XAMPP/bin:/usr/local/bin:/usr/bin:/bin:/usr/sbin:/sbin:/opt/X11/bin
SHELL=/bin/bash
DISPLAY=/private/tmp/com.apple.launchd.PNxgbAYBBy/org.macosforge.xquartz:0

Signal Handlers:
SIGSEGV: [libjvm.dylib+0x5b1eb1], sa_mask[0]=11111111011111110111111111111111, sa_flags=SA_ONSTACK|SA_RESTART|SA_SIGINFO
SIGBUS: [libjvm.dylib+0x5b1eb1], sa_mask[0]=11111111011111110111111111111111, sa_flags=SA_RESTART|SA_SIGINFO
SIGFPE: [libjvm.dylib+0x488988], sa_mask[0]=11111111011111110111111111111111, sa_flags=SA_RESTART|SA_SIGINFO
SIGPIPE: [libjvm.dylib+0x488988], sa_mask[0]=11111111011111110111111111111111, sa_flags=SA_RESTART|SA_SIGINFO
SIGXFSZ: [libjvm.dylib+0x488988], sa_mask[0]=11111111011111110111111111111111, sa_flags=SA_RESTART|SA_SIGINFO
SIGILL: [libjvm.dylib+0x488988], sa_mask[0]=11111111011111110111111111111111, sa_flags=SA_RESTART|SA_SIGINFO
SIGUSR1: SIG_DFL, sa_mask[0]=00000000000000000000000000000000, sa_flags=none
SIGUSR2: [libjvm.dylib+0x4884a6], sa_mask[0]=00100000000000000000000000000000, sa_flags=SA_RESTART|SA_SIGINFO
SIGHUP: [libjvm.dylib+0x486a7d], sa_mask[0]=11111111011111110111111111111111, sa_flags=SA_RESTART|SA_SIGINFO
SIGINT: [libjvm.dylib+0x486a7d], sa_mask[0]=11111111011111110111111111111111, sa_flags=SA_RESTART|SA_SIGINFO
SIGTERM: [libjvm.dylib+0x486a7d], sa_mask[0]=11111111011111110111111111111111, sa_flags=SA_RESTART|SA_SIGINFO
SIGQUIT: [libjvm.dylib+0x486a7d], sa_mask[0]=11111111011111110111111111111111, sa_flags=SA_RESTART|SA_SIGINFO


---------------  S Y S T E M  ---------------

OS:Bsduname:Darwin 17.2.0 Darwin Kernel Version 17.2.0: Fri Sep 29 18:27:05 PDT 2017; root:xnu-4570.20.62~3/RELEASE_X86_64 x86_64
rlimit: STACK 8192k, CORE 0k, NPROC 709, NOFILE 10240, AS infinity
load average:3.58 3.17 2.88

CPU:total 8 (initial active 8) (4 cores per cpu, 2 threads per core) family 6 model 58 stepping 9, cmov, cx8, fxsr, mmx, sse, sse2, sse3, ssse3, sse4.1, sse4.2, popcnt, avx, aes, clmul, erms, ht, tsc, tscinvbit, tscinv

Memory: 4k page, physical 8388608k(48044k free)

/proc/meminfo:


vm_info: Java HotSpot(TM) 64-Bit Server VM (25.131-b11) for bsd-amd64 JRE (1.8.0_131-b11), built on Mar 15 2017 01:32:22 by "java_re" with gcc 4.2.1 (Based on Apple Inc. build 5658) (LLVM build 2336.11.00)

time: Fri Nov 17 23:10:22 2017
elapsed time: 65 seconds (0d 0h 1m 5s)

